<?xml version="1.0" encoding="UTF-8"?>
<!-- Generated by org.testng.reporters.JUnitXMLReporter -->
<testsuite hostname="PL" ignored="0" name="reggressionfirefox" tests="5" failures="0" timestamp="2022-09-01T12:47:23 IST" time="5.718" errors="0">
  <testcase name="@BeforeMethod setUp_crossBrowser" time="5.083" classname="com.supermarket.base.Base">
    <failure type="org.openqa.selenium.SessionNotCreatedException" message="Could not start a new session. Possible causes are invalid address of the remote server or browser start-up failure.">
      <![CDATA[org.openqa.selenium.SessionNotCreatedException: Could not start a new session. Possible causes are invalid address of the remote server or browser start-up failure.
at org.openqa.selenium.remote.RemoteWebDriver.execute(RemoteWebDriver.java:587)
at org.openqa.selenium.remote.RemoteWebDriver.startSession(RemoteWebDriver.java:264)
at org.openqa.selenium.remote.RemoteWebDriver.<init>(RemoteWebDriver.java:179)
at org.openqa.selenium.firefox.FirefoxDriver.<init>(FirefoxDriver.java:110)
at org.openqa.selenium.firefox.FirefoxDriver.<init>(FirefoxDriver.java:98)
at org.openqa.selenium.firefox.FirefoxDriver.<init>(FirefoxDriver.java:94)
at com.supermarket.base.Base.initialise(Base.java:53)
at com.supermarket.base.Base.setUp_crossBrowser(Base.java:80)
at java.util.ArrayList.forEach(ArrayList.java:1257)
at java.util.concurrent.FutureTask.run(FutureTask.java:266)
at java.util.concurrent.ThreadPoolExecutor.runWorker(ThreadPoolExecutor.java:1149)
at java.util.concurrent.ThreadPoolExecutor$Worker.run(ThreadPoolExecutor.java:624)
at java.lang.Thread.run(Thread.java:748)
Caused by: org.openqa.selenium.WebDriverException: Driver server process died prematurely.
Build info: version: '4.3.0', revision: 'a4995e2c09*'
System info: host: 'PL', ip: '192.168.0.104', os.name: 'Windows 10', os.arch: 'amd64', os.version: '10.0', java.version: '1.8.0_202'
Driver info: driver.version: FirefoxDriver
at org.openqa.selenium.remote.service.DriverService.start(DriverService.java:226)
at org.openqa.selenium.remote.service.DriverCommandExecutor.execute(DriverCommandExecutor.java:98)
at org.openqa.selenium.remote.RemoteWebDriver.execute(RemoteWebDriver.java:569)
... 34 more
... Removed 22 stack frames]]>
    </failure>
  </testcase> <!-- @BeforeMethod setUp_crossBrowser -->
  <testcase name="@AfterMethod tearDown" time="-1.662016642693E9" classname="com.supermarket.base.Base">
    <skipped/>
  </testcase> <!-- @AfterMethod tearDown -->
  <testcase name="@BeforeMethod setUp_crossBrowser" time="-1.662016642701E9" classname="com.supermarket.base.Base">
    <skipped/>
  </testcase> <!-- @BeforeMethod setUp_crossBrowser -->
  <testcase name="@AfterMethod tearDown" time="-1.662016642739E9" classname="com.supermarket.base.Base">
    <skipped/>
  </testcase> <!-- @AfterMethod tearDown -->
  <testcase name="@BeforeMethod setUp_crossBrowser" time="-1.662016642765E9" classname="com.supermarket.base.Base">
    <skipped/>
  </testcase> <!-- @BeforeMethod setUp_crossBrowser -->
  <testcase name="@AfterMethod tearDown" time="-1.662016642802E9" classname="com.supermarket.base.Base">
    <skipped/>
  </testcase> <!-- @AfterMethod tearDown -->
  <testcase name="@BeforeMethod setUp_crossBrowser" time="0.198" classname="com.supermarket.base.Base">
    <failure type="org.openqa.selenium.SessionNotCreatedException" message="Could not start a new session. Possible causes are invalid address of the remote server or browser start-up failure.">
      <![CDATA[org.openqa.selenium.SessionNotCreatedException: Could not start a new session. Possible causes are invalid address of the remote server or browser start-up failure.
at org.openqa.selenium.remote.RemoteWebDriver.execute(RemoteWebDriver.java:587)
at org.openqa.selenium.remote.RemoteWebDriver.startSession(RemoteWebDriver.java:264)
at org.openqa.selenium.remote.RemoteWebDriver.<init>(RemoteWebDriver.java:179)
at org.openqa.selenium.firefox.FirefoxDriver.<init>(FirefoxDriver.java:110)
at org.openqa.selenium.firefox.FirefoxDriver.<init>(FirefoxDriver.java:98)
at org.openqa.selenium.firefox.FirefoxDriver.<init>(FirefoxDriver.java:94)
at com.supermarket.base.Base.initialise(Base.java:53)
at com.supermarket.base.Base.setUp_crossBrowser(Base.java:80)
at java.util.ArrayList.forEach(ArrayList.java:1257)
at java.util.concurrent.FutureTask.run(FutureTask.java:266)
at java.util.concurrent.ThreadPoolExecutor.runWorker(ThreadPoolExecutor.java:1149)
at java.util.concurrent.ThreadPoolExecutor$Worker.run(ThreadPoolExecutor.java:624)
at java.lang.Thread.run(Thread.java:748)
Caused by: org.openqa.selenium.WebDriverException: Driver server process died prematurely.
Build info: version: '4.3.0', revision: 'a4995e2c09*'
System info: host: 'PL', ip: '192.168.0.104', os.name: 'Windows 10', os.arch: 'amd64', os.version: '10.0', java.version: '1.8.0_202'
Driver info: driver.version: FirefoxDriver
at org.openqa.selenium.remote.service.DriverService.start(DriverService.java:226)
at org.openqa.selenium.remote.service.DriverCommandExecutor.execute(DriverCommandExecutor.java:98)
at org.openqa.selenium.remote.RemoteWebDriver.execute(RemoteWebDriver.java:569)
... 34 more
... Removed 22 stack frames]]>
    </failure>
  </testcase> <!-- @BeforeMethod setUp_crossBrowser -->
  <testcase name="@AfterMethod tearDown" time="-1.66201664308E9" classname="com.supermarket.base.Base">
    <skipped/>
  </testcase> <!-- @AfterMethod tearDown -->
  <testcase name="@BeforeMethod setUp_crossBrowser" time="-1.662016643088E9" classname="com.supermarket.base.Base">
    <skipped/>
  </testcase> <!-- @BeforeMethod setUp_crossBrowser -->
  <testcase name="@AfterMethod tearDown" time="-1.66201664311E9" classname="com.supermarket.base.Base">
    <skipped/>
  </testcase> <!-- @AfterMethod tearDown -->
  <testcase name="verifyEnterProductInformations" time="0.0" classname="com.supermarket.tests.ManageProductTest">
    <skipped/>
  </testcase> <!-- verifyEnterProductInformations -->
  <testcase name="verifyLoginManageProduct" time="0.0" classname="com.supermarket.tests.ManageProductTest">
    <skipped/>
  </testcase> <!-- verifyLoginManageProduct -->
  <testcase name="verifyTextOfSelectCategory" time="0.0" classname="com.supermarket.tests.ManageProductTest">
    <skipped/>
  </testcase> <!-- verifyTextOfSelectCategory -->
  <testcase name="verifyLoginManageSlider" time="0.0" classname="com.supermarket.tests.ManageSliderTest">
    <skipped/>
  </testcase> <!-- verifyLoginManageSlider -->
  <testcase name="verifyUploadImage" time="0.0" classname="com.supermarket.tests.ManageSliderTest">
    <skipped/>
  </testcase> <!-- verifyUploadImage -->
</testsuite> <!-- reggressionfirefox -->
